<?xml version="1.0" encoding="UTF-8"?>
<!-- Generated by org.testng.reporters.JUnitReportReporter -->
<testsuite hostname="NSWSYDNLP95" name="com.testing.NewTest" tests="2" failures="0" timestamp="11 Mar 2018 23:32:45 GMT" time="4.660" errors="0">
  <testcase name="f" time="1.452" classname="com.testing.NewTest"/>
  <testcase name="f1" time="3.208" classname="com.testing.NewTest"/>
</testsuite> <!-- com.testing.NewTest -->
